2022-07-07T16:26:50.0727458+07:00  [INF] Starting IdentityServer4 version "4.1.2+997a6cdd643e46cd5762b710c4ddc43574cbec2e" (8add0571)
2022-07-07T16:26:50.0868697+07:00  [INF] You are using the in-memory version of the persisted grant store. This will store consent decisions, authorization codes, refresh and reference tokens in memory only. If you are using any of those features in production, you want to switch to a different store implementation. (553c312b)
2022-07-07T16:26:50.0890958+07:00  [INF] Using the default authentication scheme "Identity.Application" for IdentityServer (4a54f457)
2022-07-07T16:26:50.2551947+07:00  [INF] Application started. Press Ctrl+C to shut down. (dcaefe54)
2022-07-07T16:26:50.2552332+07:00  [INF] Hosting environment: "Development" (c3307c92)
2022-07-07T16:26:50.2552560+07:00  [INF] Content root path: "D:\SolutionTest\ReliaSystem\CrudApp" (b5d60022)
2022-07-07T16:27:23.9999709+07:00 80000050-0004-fd00-b63f-84710c7967bb [INF] Invoking IdentityServer endpoint: "IdentityServer4.Endpoints.DiscoveryEndpoint" for "/.well-known/openid-configuration" (f7642de5)
2022-07-07T16:27:24.0451694+07:00 80000091-0003-f500-b63f-84710c7967bb [INF] Invoking IdentityServer endpoint: "IdentityServer4.Endpoints.DiscoveryKeyEndpoint" for "/.well-known/openid-configuration/jwks" (f7642de5)
2022-07-07T16:27:24.0674848+07:00 80000094-0000-fb00-b63f-84710c7967bb [INF] Invoking IdentityServer endpoint: "IdentityServer4.Endpoints.TokenEndpoint" for "/connect/token" (f7642de5)
2022-07-07T16:27:24.2529923+07:00 80000094-0000-fb00-b63f-84710c7967bb [INF] Credentials validated for username: "admin" (cb811aa7)
2022-07-07T16:27:24.2708422+07:00 80000094-0000-fb00-b63f-84710c7967bb [INF] Token request validation success, TokenRequestValidationLog { ClientId: "crudapp_spa", ClientName: null, GrantType: "password", Scopes: "crudapp_api email offline_access openid phone profile roles", AuthorizationCode: "********", RefreshToken: "********", UserName: "admin", AuthenticationContextReferenceClasses: null, Tenant: null, IdP: null, Raw: [("username": "admin"), ("password": "***REDACTED***"), ("client_id": "crudapp_spa"), ("grant_type": "password"), ("scope": "openid email phone profile offline_access roles crudapp_api")] } (3a073258)
2022-07-07T16:27:24.7925737+07:00 80000093-0003-f500-b63f-84710c7967bb [INF] Invoking IdentityServer endpoint: "IdentityServer4.Endpoints.DiscoveryEndpoint" for "/.well-known/openid-configuration" (f7642de5)
2022-07-07T16:27:24.8413359+07:00 80000094-0003-f500-b63f-84710c7967bb [INF] Invoking IdentityServer endpoint: "IdentityServer4.Endpoints.DiscoveryKeyEndpoint" for "/.well-known/openid-configuration/jwks" (f7642de5)
2022-07-07T16:27:25.1178047+07:00 80000030-0002-fa00-b63f-84710c7967bb [WRN] Compiling a query which loads related collections for more than one collection navigation either via 'Include' or through projection but no 'QuerySplittingBehavior' has been configured. By default Entity Framework will use 'QuerySplittingBehavior.SingleQuery' which can potentially result in slow query performance. See https://go.microsoft.com/fwlink/?linkid=2134277 for more information. To identify the query that's triggering this warning call 'ConfigureWarnings(w => w.Throw(RelationalEventId.MultipleCollectionIncludeWarning))' (74d62de4)
2022-07-07T16:27:29.5670365+07:00 80000056-0004-fd00-b63f-84710c7967bb [INF] Invoking IdentityServer endpoint: "IdentityServer4.Endpoints.DiscoveryEndpoint" for "/.well-known/openid-configuration" (f7642de5)
2022-07-07T16:27:29.5774682+07:00 80000032-0002-fa00-b63f-84710c7967bb [INF] Invoking IdentityServer endpoint: "IdentityServer4.Endpoints.DiscoveryKeyEndpoint" for "/.well-known/openid-configuration/jwks" (f7642de5)
2022-07-07T16:27:29.5852213+07:00 80000098-0000-fb00-b63f-84710c7967bb [INF] Invoking IdentityServer endpoint: "IdentityServer4.Endpoints.TokenEndpoint" for "/connect/token" (f7642de5)
2022-07-07T16:27:29.6033814+07:00 80000098-0000-fb00-b63f-84710c7967bb [INF] Token request validation success, TokenRequestValidationLog { ClientId: "crudapp_spa", ClientName: null, GrantType: "refresh_token", Scopes: null, AuthorizationCode: "********", RefreshToken: "****758B", UserName: null, AuthenticationContextReferenceClasses: null, Tenant: null, IdP: null, Raw: [("refresh_token": "***REDACTED***"), ("client_id": "crudapp_spa"), ("grant_type": "refresh_token")] } (3a073258)
2022-07-07T16:28:14.3201305+07:00 800000fd-0005-ff00-b63f-84710c7967bb [WRN] User password validation failed: "PasswordRequiresNonAlphanumeric;PasswordRequiresLower;PasswordRequiresUpper". (95aa5396)
2022-07-07T16:28:33.0260938+07:00 80000058-0004-fd00-b63f-84710c7967bb [WRN] User password validation failed: "PasswordRequiresNonAlphanumeric". (95aa5396)
2022-07-07T16:29:32.7759548+07:00 800000ff-0005-ff00-b63f-84710c7967bb [WRN] User password validation failed: "PasswordRequiresNonAlphanumeric". (95aa5396)
2022-07-07T16:29:33.5529963+07:00 8000009a-0000-fb00-b63f-84710c7967bb [WRN] User password validation failed: "PasswordRequiresNonAlphanumeric". (95aa5396)
2022-07-07T16:29:33.7447707+07:00 80000096-0003-f500-b63f-84710c7967bb [WRN] User password validation failed: "PasswordRequiresNonAlphanumeric". (95aa5396)
2022-07-07T16:29:56.7289322+07:00 8000009c-0000-fb00-b63f-84710c7967bb [WRN] User password validation failed: "PasswordRequiresNonAlphanumeric;PasswordRequiresLower;PasswordRequiresUpper". (95aa5396)
2022-07-07T16:30:48.1000463+07:00 800000e7-0005-f800-b63f-84710c7967bb [WRN] User password validation failed: "PasswordRequiresNonAlphanumeric". (95aa5396)
2022-07-07T16:30:49.2246695+07:00 8000005c-0004-fd00-b63f-84710c7967bb [WRN] User password validation failed: "PasswordRequiresNonAlphanumeric". (95aa5396)
